<?xml version="1.0" encoding="UTF-8"?>
<testsuite name="BookTest" tests="6" skipped="0" failures="0" errors="0" timestamp="2018-06-14T09:46:40" hostname="Bram-LAPTOP" time="0.021">
  <properties/>
  <testcase name="bookShouldHavePublisher" classname="BookTest" time="0.019"/>
  <testcase name="bookShouldHaveAuthor" classname="BookTest" time="0.0"/>
  <testcase name="canCreateBookWithAllParams(Book) [0]" classname="BookTest" time="0.0"/>
  <testcase name="canCreateBookWithAllParams(Book) [1]" classname="BookTest" time="0.0"/>
  <testcase name="canCreateBookWithAllParams(Book) [2]" classname="BookTest" time="0.0"/>
  <testcase name="bookShouldHaveIsbn" classname="BookTest" time="0.0"/>
  <system-out><![CDATA[]]></system-out>
  <system-err><![CDATA[]]></system-err>
</testsuite>
