<?xml version="1.0" encoding="UTF-8"?>
<testsuite name="MovieTest" tests="1" skipped="0" failures="0" errors="0" timestamp="2018-06-14T09:46:40" hostname="Bram-LAPTOP" time="0.001">
  <properties/>
  <testcase name="TestConstructor" classname="MovieTest" time="0.001"/>
  <system-out><![CDATA[]]></system-out>
  <system-err><![CDATA[]]></system-err>
</testsuite>
